<?xml version="1.0" encoding="UTF-8"?>
<!-- Generated by org.testng.reporters.JUnitReportReporter -->
<testsuite hostname="SYNPYBRL1144PDW" failures="0" tests="1" name="Sample.testng" time="8.765" errors="0" timestamp="2023-10-06T15:39:45 IST" skipped="0">
  <testcase classname="Sample.testng" name="testng" time="8.765"/>
</testsuite> <!-- Sample.testng -->
